<?xml version="1.0" encoding="UTF-8"?>
<testng-results skipped="0" failed="0" total="1" passed="1">
  <reporter-output>
  </reporter-output>
  <suite name="Default suite" duration-ms="18881" started-at="2015-09-06T01:54:13Z" finished-at="2015-09-06T01:54:32Z">
    <groups>
    </groups>
    <test name="Default test" duration-ms="18881" started-at="2015-09-06T01:54:13Z" finished-at="2015-09-06T01:54:32Z">
      <class name="Signup.SignUpTest">
        <test-method status="PASS" signature="ClicktoYahooSignup()[pri:0, instance:Signup.SignUpTest@58ceff1]" name="ClicktoYahooSignup" duration-ms="18857" started-at="2015-09-05T18:54:13Z" finished-at="2015-09-05T18:54:32Z">
          <reporter-output>
          </reporter-output>
        </test-method> <!-- ClicktoYahooSignup -->
      </class> <!-- Signup.SignUpTest -->
    </test> <!-- Default test -->
  </suite> <!-- Default suite -->
</testng-results>
