<?xml version="1.0" encoding="UTF-8"?>
<testng-results skipped="0" failed="0" total="1" passed="1">
  <reporter-output>
  </reporter-output>
  <suite name="login.LoginTest" duration-ms="17" started-at="2015-09-05T03:46:20Z" finished-at="2015-09-05T03:46:20Z">
    <groups>
    </groups>
    <test name="Command line test" duration-ms="17" started-at="2015-09-05T03:46:20Z" finished-at="2015-09-05T03:46:20Z">
      <class name="login.LoginTest">
        <test-method status="PASS" signature="testLogin()[pri:0, instance:login.LoginTest@1554909b]" name="testLogin" duration-ms="6" started-at="2015-09-04T20:46:20Z" finished-at="2015-09-04T20:46:20Z">
          <reporter-output>
          </reporter-output>
        </test-method> <!-- testLogin -->
      </class> <!-- login.LoginTest -->
    </test> <!-- Command line test -->
  </suite> <!-- login.LoginTest -->
</testng-results>
